2017-09-29 01:39:34,346 	 <Dispatcher> 	 Level 45 	 01:39:34 	 Info           	 Start Time is: 2017-09-29 01:39:34
2017-09-29 01:39:34,348 	 <Dispatcher> 	 Level 45 	 01:39:34 	 Info           	 Init Scene
2017-09-29 01:39:42,351 	 <Dispatcher> 	 Level 45 	 01:39:42 	 Info           	 Size to be uploaded: 5
2017-09-29 01:39:53,009 	 <Dispatcher> 	 Level 45 	 01:39:53 	 Info           	 Size to be uploaded: 12
2017-09-29 01:40:58,457 	 <Dispatcher> 	 Level 45 	 01:40:58 	 Info           	 Start Time is: 2017-09-29 01:40:58
2017-09-29 01:40:58,458 	 <Dispatcher> 	 Level 45 	 01:40:58 	 Info           	 Init Scene
2017-09-29 01:41:06,467 	 <Dispatcher> 	 Level 45 	 01:41:06 	 Info           	 Size to be uploaded: 5
2017-09-29 01:43:22,105 	 <Dispatcher> 	 Level 45 	 01:43:22 	 Info           	 Start Time is: 2017-09-29 01:43:22
2017-09-29 01:43:22,107 	 <Dispatcher> 	 Level 45 	 01:43:22 	 Info           	 Init Scene
2017-09-29 01:43:30,115 	 <Dispatcher> 	 Level 45 	 01:43:30 	 Info           	 Size to be uploaded: 5
2017-09-29 01:43:30,787 	 <Dispatcher> 	 Level 45 	 Uploaded	863.0 B
2017-09-29 01:43:40,790 	 <Dispatcher> 	 Level 45 	 01:43:40 	 Info           	 Size to be uploaded: 12
2017-09-29 01:43:42,476 	 <Dispatcher> 	 Level 45 	 Uploaded	2.2373 KB
2017-09-29 01:43:52,479 	 <Dispatcher> 	 Level 45 	 01:43:52 	 Info           	 Size to be uploaded: 12
2017-09-29 01:43:53,145 	 <Dispatcher> 	 Level 45 	 Uploaded	3.2832 KB
2017-09-29 01:44:03,148 	 <Dispatcher> 	 Level 45 	 01:44:03 	 Info           	 Size to be uploaded: 14
2017-09-29 01:44:03,808 	 <Dispatcher> 	 Level 45 	 Uploaded	4.23047 KB
2017-09-29 01:44:13,811 	 <Dispatcher> 	 Level 45 	 01:44:13 	 Info           	 Size to be uploaded: 9
2017-09-29 01:44:14,471 	 <Dispatcher> 	 Level 45 	 Uploaded	5.35645 KB
2017-09-29 01:44:24,473 	 <Dispatcher> 	 Level 45 	 01:44:24 	 Info           	 Size to be uploaded: 12
2017-09-29 01:44:25,141 	 <Dispatcher> 	 Level 45 	 Uploaded	6.36523 KB
2017-09-29 01:44:35,144 	 <Dispatcher> 	 Level 45 	 01:44:35 	 Info           	 Size to be uploaded: 14
2017-09-29 01:44:35,808 	 <Dispatcher> 	 Level 45 	 Uploaded	7.78223 KB
2017-09-29 01:44:45,811 	 <Dispatcher> 	 Level 45 	 01:44:45 	 Info           	 Size to be uploaded: 9
2017-09-29 01:44:46,475 	 <Dispatcher> 	 Level 45 	 Uploaded	8.98047 KB
2017-09-29 01:44:56,478 	 <Dispatcher> 	 Level 45 	 01:44:56 	 Info           	 Size to be uploaded: 12
2017-09-29 01:44:57,140 	 <Dispatcher> 	 Level 45 	 Uploaded	10.13379 KB
2017-09-29 01:45:07,142 	 <Dispatcher> 	 Level 45 	 01:45:07 	 Info           	 Size to be uploaded: 14
2017-09-29 01:45:07,800 	 <Dispatcher> 	 Level 45 	 Uploaded	11.20996 KB
2017-09-29 01:45:17,803 	 <Dispatcher> 	 Level 45 	 01:45:17 	 Info           	 Size to be uploaded: 9
2017-09-29 01:45:18,461 	 <Dispatcher> 	 Level 45 	 Uploaded	12.36719 KB
